top - 15:17:36 up  4:15,  1 user,  load average: 1,78, 2,33, 1,98
Tasks: 372 total,   1 running, 371 sleeping,   0 stopped,   0 zombie
%Cpu(s): 14,5 us,  0,8 sy,  0,0 ni, 84,0 id,  0,0 wa,  0,0 hi,  0,8 si,  0,0 st
MiB Mem :  31835,6 total,  21426,8 free,   4537,6 used,   5871,3 buff/cache
MiB Swap:   7628,0 total,   7628,0 free,      0,0 used.  26142,5 avail Mem 

    PID USER      PR  NI    VIRT    RES    SHR S  %CPU  %MEM     TIME+ COMMAND
  64084 root      20   0   11,8g 163228  28060 S 100,0   0,5   3:03.62 java
    804 root      20   0  282552  11068  10056 S   6,2   0,0   0:45.78 therma+
   1745 satrai    20   0 4925284 293720 113080 S   6,2   0,9   7:25.73 gnome-+
  62760 root      20   0 3635076 236556  91164 S   6,2   0,7   0:12.76 beam.s+
  64491 root      20   0       0      0      0 I   6,2   0,0   0:00.11 kworke+
  64716 satrai    20   0 2528664 168932 100696 S   6,2   0,5   0:02.22 Isolat+
      1 root      20   0  169800  13124   8400 S   0,0   0,0   0:09.83 systemd
      2 root      20   0       0      0      0 S   0,0   0,0   0:00.01 kthrea+
      3 root       0 -20       0      0      0 I   0,0   0,0   0:00.00 rcu_gp
      4 root       0 -20       0      0      0 I   0,0   0,0   0:00.00 rcu_pa+
      5 root       0 -20       0      0      0 I   0,0   0,0   0:00.00 netns
      7 root       0 -20       0      0      0 I   0,0   0,0   0:00.00 kworke+
      9 root       0 -20       0      0      0 I   0,0   0,0   0:00.00 mm_per+
     10 root      20   0       0      0      0 S   0,0   0,0   0:00.00 rcu_ta+
     11 root      20   0       0      0      0 S   0,0   0,0   0:00.00 rcu_ta+
     12 root      20   0       0      0      0 S   0,0   0,0   0:01.49 ksofti+
     13 root      20   0       0      0      0 I   0,0   0,0   0:13.03 rcu_sc+
     14 root      rt   0       0      0      0 S   0,0   0,0   0:00.04 migrat+
     15 root     -51   0       0      0      0 S   0,0   0,0   0:00.00 idle_i+
     17 root      20   0       0      0      0 S   0,0   0,0   0:00.00 cpuhp/0
     18 root      20   0       0      0      0 S   0,0   0,0   0:00.00 cpuhp/1
     19 root     -51   0       0      0      0 S   0,0   0,0   0:00.00 idle_i+
     20 root      rt   0       0      0      0 S   0,0   0,0   0:00.15 migrat+
     21 root      20   0       0      0      0 S   0,0   0,0   0:00.28 ksofti+
     23 root       0 -20       0      0      0 I   0,0   0,0   0:00.00 kworke+
     24 root      20   0       0      0      0 S   0,0   0,0   0:00.00 cpuhp/2
     25 root     -51   0       0      0      0 S   0,0   0,0   0:00.00 idle_i+
     26 root      rt   0       0      0      0 S   0,0   0,0   0:00.15 migrat+
     27 root      20   0       0      0      0 S   0,0   0,0   0:00.17 ksofti+
     29 root       0 -20       0      0      0 I   0,0   0,0   0:00.00 kworke+
     30 root      20   0       0      0      0 S   0,0   0,0   0:00.00 cpuhp/3
     31 root     -51   0       0      0      0 S   0,0   0,0   0:00.00 idle_i+
     32 root      rt   0       0      0      0 S   0,0   0,0   0:00.16 migrat+
     33 root      20   0       0      0      0 S   0,0   0,0   0:00.16 ksofti+
     35 root       0 -20       0      0      0 I   0,0   0,0   0:00.00 kworke+
     36 root      20   0       0      0      0 S   0,0   0,0   0:00.00 cpuhp/4
     37 root     -51   0       0      0      0 S   0,0   0,0   0:00.00 idle_i+
     38 root      rt   0       0      0      0 S   0,0   0,0   0:00.16 migrat+
     39 root      20   0       0      0      0 S   0,0   0,0   0:00.16 ksofti+
     41 root       0 -20       0      0      0 I   0,0   0,0   0:00.00 kworke+
     42 root      20   0       0      0      0 S   0,0   0,0   0:00.00 cpuhp/5
     43 root     -51   0       0      0      0 S   0,0   0,0   0:00.00 idle_i+
     44 root      rt   0       0      0      0 S   0,0   0,0   0:00.16 migrat+
     45 root      20   0       0      0      0 S   0,0   0,0   0:00.15 ksofti+
     47 root       0 -20       0      0      0 I   0,0   0,0   0:00.00 kworke+
     48 root      20   0       0      0      0 S   0,0   0,0   0:00.00 cpuhp/6
     49 root     -51   0       0      0      0 S   0,0   0,0   0:00.00 idle_i+
     50 root      rt   0       0      0      0 S   0,0   0,0   0:00.15 migrat+
     51 root      20   0       0      0      0 S   0,0   0,0   0:01.02 ksofti+
     53 root       0 -20       0      0      0 I   0,0   0,0   0:00.00 kworke+
     54 root      20   0       0      0      0 S   0,0   0,0   0:00.00 cpuhp/7
     55 root     -51   0       0      0      0 S   0,0   0,0   0:00.00 idle_i+
     56 root      rt   0       0      0      0 S   0,0   0,0   0:00.16 migrat+
     57 root      20   0       0      0      0 S   0,0   0,0   0:00.68 ksofti+
     59 root       0 -20       0      0      0 I   0,0   0,0   0:00.00 kworke+
     60 root      20   0       0      0      0 S   0,0   0,0   0:00.00 kdevtm+
     61 root       0 -20       0      0      0 I   0,0   0,0   0:00.00 inet_f+
     62 root      20   0       0      0      0 S   0,0   0,0   0:00.00 kauditd
     63 root      20   0       0      0      0 S   0,0   0,0   0:00.02 khungt+
     64 root      20   0       0      0      0 S   0,0   0,0   0:00.00 oom_re+
     65 root       0 -20       0      0      0 I   0,0   0,0   0:00.00 writeb+
     66 root      20   0       0      0      0 S   0,0   0,0   0:00.40 kcompa+
     67 root      25   5       0      0      0 S   0,0   0,0   0:00.00 ksmd
     68 root      39  19       0      0      0 S   0,0   0,0   0:00.18 khugep+
    115 root       0 -20       0      0      0 I   0,0   0,0   0:00.00 kinteg+
    116 root       0 -20       0      0      0 I   0,0   0,0   0:00.00 kblockd
    117 root       0 -20       0      0      0 I   0,0   0,0   0:00.00 blkcg_+
    119 root       0 -20       0      0      0 I   0,0   0,0   0:00.00 tpm_de+
    120 root       0 -20       0      0      0 I   0,0   0,0   0:00.00 ata_sff
    122 root       0 -20       0      0      0 I   0,0   0,0   0:00.83 kworke+
    123 root       0 -20       0      0      0 I   0,0   0,0   0:00.00 md
    124 root       0 -20       0      0      0 I   0,0   0,0   0:00.00 edac-p+
    125 root       0 -20       0      0      0 I   0,0   0,0   0:00.00 devfre+
    126 root     -51   0       0      0      0 S   0,0   0,0   0:00.00 watchd+
    128 root       0 -20       0      0      0 I   0,0   0,0   0:00.54 kworke+
    131 root      20   0       0      0      0 S   0,0   0,0   0:00.00 kswapd0
    132 root      20   0       0      0      0 S   0,0   0,0   0:00.00 ecrypt+
    134 root       0 -20       0      0      0 I   0,0   0,0   0:00.00 kthrot+
    135 root     -51   0       0      0      0 S   0,0   0,0   0:00.00 irq/12+
    136 root     -51   0       0      0      0 S   0,0   0,0   0:00.00 irq/12+
    141 root       0 -20       0      0      0 I   0,0   0,0   0:00.00 acpi_t+
    144 root       0 -20       0      0      0 I   0,0   0,0   0:00.00 vfio-i+
    146 root       0 -20       0      0      0 I   0,0   0,0   0:00.70 kworke+
    147 root       0 -20       0      0      0 I   0,0   0,0   0:00.73 kworke+
    148 root       0 -20       0      0      0 I   0,0   0,0   0:00.00 mld
    149 root       0 -20       0      0      0 I   0,0   0,0   0:00.00 ipv6_a+
    158 root       0 -20       0      0      0 I   0,0   0,0   0:00.00 kstrp
    161 root       0 -20       0      0      0 I   0,0   0,0   0:00.00 zswap-+
    169 root       0 -20       0      0      0 I   0,0   0,0   0:00.00 charge+
    192 root       0 -20       0      0      0 I   0,0   0,0   0:00.75 kworke+
    228 root       0 -20       0      0      0 I   0,0   0,0   0:00.00 nvme-wq
    229 root       0 -20       0      0      0 I   0,0   0,0   0:00.70 kworke+
    230 root       0 -20       0      0      0 I   0,0   0,0   0:00.00 nvme-r+
    231 root       0 -20       0      0      0 I   0,0   0,0   0:00.00 nvme-d+
    232 root       0 -20       0      0      0 I   0,0   0,0   0:00.55 kworke+
    235 root     -51   0       0      0      0 S   0,0   0,0   0:00.00 irq/39+
    238 root     -51   0       0      0      0 S   0,0   0,0   0:35.17 irq/15+
    239 root       0 -20       0      0      0 I   0,0   0,0   0:00.58 kworke+
    271 root      20   0       0      0      0 S   0,0   0,0   0:00.53 jbd2/n+
    272 root       0 -20       0      0      0 I   0,0   0,0   0:00.00 ext4-r+
    312 root      19  -1  100828  60600  59008 S   0,0   0,2   0:01.97 system+
    337 root      20   0   25388   8016   4068 S   0,0   0,0   0:04.36 system+
    345 root       0 -20       0      0      0 I   0,0   0,0   0:00.00 ipmi-m+
    415 root       0 -20       0      0      0 I   0,0   0,0   0:00.00 cfg802+
    418 root     -51   0       0      0      0 S   0,0   0,0   0:01.76 irq/15+
    420 root     -51   0       0      0      0 S   0,0   0,0   0:00.05 irq/15+
    421 root     -51   0       0      0      0 S   0,0   0,0   0:00.04 irq/16+
    422 root     -51   0       0      0      0 S   0,0   0,0   0:00.07 irq/16+
    423 root     -51   0       0      0      0 S   0,0   0,0   0:00.03 irq/16+
    424 root     -51   0       0      0      0 S   0,0   0,0   0:00.07 irq/16+
    426 root     -51   0       0      0      0 S   0,0   0,0   0:00.04 irq/16+
    427 root     -51   0       0      0      0 S   0,0   0,0   0:00.04 irq/16+
    428 root     -51   0       0      0      0 S   0,0   0,0   0:00.04 irq/16+
    429 root     -51   0       0      0      0 S   0,0   0,0   0:00.00 irq/16+
    444 root       0 -20       0      0      0 I   0,0   0,0   0:00.00 cryptd
    471 root     -51   0       0      0      0 S   0,0   0,0   0:00.00 card0-+
    472 root     -51   0       0      0      0 S   0,0   0,0   0:00.00 card0-+
    473 root     -51   0       0      0      0 S   0,0   0,0   0:00.00 card0-+
    474 root     -51   0       0      0      0 S   0,0   0,0   0:00.00 card0-+
    671 root      20   0       0      0      0 S   0,0   0,0   0:00.29 jbd2/n+
    672 root       0 -20       0      0      0 I   0,0   0,0   0:00.00 ext4-r+
    704 systemd+  20   0   24816  13608   9380 S   0,0   0,0   0:01.36 system+
    706 systemd+  20   0   90912   5888   5100 S   0,0   0,0   0:00.11 system+
    735 root       0 -20       0      0      0 I   0,0   0,0   0:00.00 USBC00+
    739 root      10 -10    9908   5096   3980 S   0,0   0,0   0:01.71 ovsdb-+
    765 root      20   0  246904   7660   6752 S   0,0   0,0   0:00.42 accoun+
    766 root      20   0    2548    776    708 S   0,0   0,0   0:02.18 acpid
    768 avahi     20   0    8824   4000   3488 S   0,0   0,0   0:01.09 avahi-+
    770 root      20   0    8368   5028   4620 S   0,0   0,0   0:00.01 blueto+
    773 root      20   0   18056   2940   2672 S   0,0   0,0   0:00.02 cron
    775 root      20   0   37204   9112   7360 S   0,0   0,0   0:00.00 cupsd
    776 message+  20   0    9952   6524   3904 S   0,0   0,0   0:22.82 dbus-d+
    777 root      20   0  419268  20912  16852 S   0,0   0,1   0:06.46 Networ+
    783 root      20   0  231824   6520   5532 S   0,0   0,0   0:03.48 iio-se+
    784 root      20   0   81936   3656   3328 S   0,0   0,0   0:00.87 irqbal+
    787 root      20   0   48316  20712  11968 S   0,0   0,1   0:00.09 networ+
    790 root      20   0  249812  12960   7256 S   0,0   0,0   0:02.16 polkitd
    792 syslog    20   0  224352   5232   3672 S   0,0   0,0   0:00.64 rsyslo+
    797 root      20   0 1614540  44188  19932 S   0,0   0,1   0:07.93 snapd
    800 root      20   0  244344   6356   5696 S   0,0   0,0   0:00.02 switch+
    803 root      20   0   17464   8296   7172 S   0,0   0,0   0:17.45 system+
    806 root      20   0  393568  12836  10472 S   0,0   0,0   0:00.62 udisksd
    807 root      20   0   14208   9740   8660 S   0,0   0,0   0:00.87 wpa_su+
    819 avahi     20   0    8348    324      0 S   0,0   0,0   0:00.00 avahi-+
    855 root      20   0  176484  12792  11124 S   0,0   0,0   0:00.53 cups-b+
    867 root      20   0  315224  11872   9968 S   0,0   0,0   0:00.26 ModemM+
    870 root      20   0  247132   7464   6724 S   0,0   0,0   0:02.23 boltd
    976 root      10 -10  678268  90252  11640 S   0,0   0,3   0:16.19 ovs-vs+
    993 root      20   0 1800616  46112  31844 S   0,0   0,1   0:40.12 contai+
   1003 root      20   0   12188   6908   6068 S   0,0   0,0   0:00.00 sshd
   1008 root      20   0  248248   8796   7596 S   0,0   0,0   0:00.03 gdm3
   1017 root      20   0  126812  23428  15224 S   0,0   0,1   0:00.04 unatte+
   1047 root      20   0  261120  10052   8424 S   0,0   0,0   0:01.16 upowerd
   1074 rtkit     21   1  152936   3056   2816 S   0,0   0,0   0:00.26 rtkit-+
   1190 root       0 -20       0      0      0 I   0,0   0,0   0:00.00 USBC00+
   1458 colord    20   0  254920  14972   9704 S   0,0   0,0   0:00.14 colord
   1504 root      20   0  323288   9960   8200 S   0,0   0,0   0:00.04 gdm-se+
   1515 satrai    20   0   20084  10832   8196 S   0,0   0,0   0:06.13 systemd
   1516 satrai    20   0  170016   3708      4 S   0,0   0,0   0:00.00 (sd-pa+
   1521 satrai     9 -11 2802252  20564  15752 S   0,0   0,1   6:28.13 pulsea+
   1523 satrai    39  19  520160  24884  16696 S   0,0   0,1   0:00.17 tracke+
   1527 satrai    20   0    8596   5784   3912 S   0,0   0,0   0:01.72 dbus-d+
   1531 satrai    20   0  248824   7752   6800 S   0,0   0,0   0:00.13 gnome-+
   1547 satrai    20   0  248460   7896   6864 S   0,0   0,0   0:00.07 gvfsd
   1552 satrai    20   0  378348   5668   5152 S   0,0   0,0   0:00.00 gvfsd-+
   1557 satrai    20   0  322684   9616   7832 S   0,0   0,0   0:09.83 gvfs-u+
   1565 satrai    20   0  246748   6504   5776 S   0,0   0,0   0:00.03 gvfs-g+
   1570 satrai    20   0  325360   9040   8020 S   0,0   0,0   0:00.42 gvfs-a+
   1578 satrai    20   0  244512   5960   5428 S   0,0   0,0   0:00.02 gvfs-g+
   1582 satrai    20   0  561916  34592  28408 S   0,0   0,1   0:00.51 goa-da+
   1583 root      10 -10       0      0      0 S   0,0   0,0   0:00.00 krfcom+
   1590 satrai    20   0  323392   8800   7764 S   0,0   0,0   0:00.08 goa-id+
   1596 satrai    20   0  244340   5756   5132 S   0,0   0,0   0:00.02 gvfs-m+
   1612 satrai    20   0  172652   6672   6040 S   0,0   0,0   0:00.01 gdm-x-+
   1614 satrai    20   0  561392 100732  59716 S   0,0   0,3   8:42.14 Xorg
   1624 satrai    20   0  196852  13864  12380 S   0,0   0,0   0:00.01 gnome-+
   1693 satrai    20   0    6044    452      0 S   0,0   0,0   0:00.04 ssh-ag+
   1711 satrai    20   0  305560   6656   6072 S   0,0   0,0   0:00.00 at-spi+
   1716 satrai    20   0    7388   4328   3868 S   0,0   0,0   0:00.75 dbus-d+
   1724 satrai    20   0   98696   4196   3776 S   0,0   0,0   0:00.00 gnome-+
   1731 satrai    20   0  419096  15604  13012 S   0,0   0,0   0:00.15 gnome-+
   1771 satrai    20   0  397284  13120   6864 S   0,0   0,0   0:51.38 ibus-d+
   1775 satrai    20   0  171340   7088   6452 S   0,0   0,0   0:00.00 ibus-m+
   1776 satrai    20   0  284392  31836  18220 S   0,0   0,1   0:08.61 ibus-e+
   1780 satrai    20   0  206604  28328  18440 S   0,0   0,1   0:00.37 ibus-x+
   1783 satrai    20   0  245140   7204   6556 S   0,0   0,0   0:00.07 ibus-p+
   1793 satrai    20   0  162840   7836   7052 S   0,0   0,0   0:02.48 at-spi+
   1797 satrai    20   0  244232   4604   4172 S   0,0   0,0   0:00.00 xdg-pe+
   1799 satrai    20   0  581332  20392  17432 S   0,0   0,1   0:00.06 gnome-+
   1810 satrai    20   0 1078824  25908  22056 S   0,0   0,1   0:00.07 evolut+
   1817 satrai    20   0 1388004  31084  26796 S   0,0   0,1   0:00.62 evolut+
   1823 satrai    20   0 2938920  26672  21664 S   0,0   0,1   0:00.05 gjs
   1842 satrai    20   0  156364   5712   4956 S   0,0   0,0   0:00.08 dconf-+
   1848 satrai    20   0  763880  30376  26488 S   0,0   0,1   0:00.57 evolut+
   1850 satrai    20   0  318296   6768   6156 S   0,0   0,0   0:00.01 gsd-a1+
   1851 satrai    20   0  523536  30856  20444 S   0,0   0,1   0:00.43 gsd-co+
   1852 satrai    20   0  382248  16300  14352 S   0,0   0,1   0:00.03 gsd-da+
   1853 satrai    20   0  320492   7628   6760 S   0,0   0,0   0:02.73 gsd-ho+
   1857 satrai    20   0  354580  28864  18868 S   0,0   0,1   0:00.41 gsd-ke+
   1859 satrai    20   0  696944  33776  21000 S   0,0   0,1   0:03.21 gsd-me+
   1862 satrai    20   0  695564  31968  21084 S   0,0   0,1   0:07.84 gsd-po+
   1865 satrai    20   0  256852  11340   9924 S   0,0   0,0   0:00.02 gsd-pr+
   1866 satrai    20   0  465736   6060   5444 S   0,0   0,0   0:00.45 gsd-rf+
   1867 satrai    20   0  318004   5936   5320 S   0,0   0,0   0:00.01 gsd-sc+
   1868 satrai    20   0  473544  10868   9116 S   0,0   0,0   0:02.29 gsd-sh+
   1870 satrai    20   0  397532   8348   7508 S   0,0   0,0   0:00.02 gsd-sm+
   1874 satrai    20   0  327984   9008   8000 S   0,0   0,0   0:00.02 gsd-so+
   1877 satrai    20   0  467328   7360   6588 S   0,0   0,0   0:00.02 gsd-us+
   1880 satrai    20   0  354116  28144  17992 S   0,0   0,1   0:00.42 gsd-wa+
   1881 satrai    20   0  322724   7928   7032 S   0,0   0,0   0:00.02 gsd-ww+
   1885 satrai    20   0  355352  29928  19324 S   0,0   0,1   0:00.53 gsd-xs+
   1895 satrai    20   0  322728   8400   7052 S   0,0   0,0   0:00.74 gvfsd-+
   1917 satrai    20   0  728484  59868  43708 S   0,0   0,2   0:00.45 evolut+
   1921 satrai    20   0  231804   5636   4604 S   0,0   0,0   0:00.02 gsd-di+
   1948 satrai    20   0  350820  15272  13388 S   0,0   0,0   0:00.01 gsd-pr+
   1988 satrai    20   0  171460   7272   6492 S   0,0   0,0   0:12.31 ibus-e+
   2069 root      20   0 5794396 134680  65460 S   0,0   0,4   1:27.10 dockerd
   2072 whoopsie  20   0  400596  15764  13772 S   0,0   0,0   0:00.72 whoops+
   2078 kernoops  20   0   11264    444      0 S   0,0   0,0   0:00.30 kernel+
   2084 kernoops  20   0   11264    440      0 S   0,0   0,0   0:00.29 kernel+
   2165 root      20   0    2496    576    512 S   0,0   0,0   0:00.02 bpfilt+
   2441 satrai    20   0  609600   8984   7696 S   0,0   0,0   0:00.05 gvfsd-+
   2453 satrai    20   0  323752   8368   7404 S   0,0   0,0   0:00.04 gvfsd-+
   2589 satrai    20   0  618820  10828   9552 S   0,0   0,0   0:00.88 xdg-de+
   2593 satrai    20   0  613760   6544   5876 S   0,0   0,0   0:00.08 xdg-do+
   2603 satrai    20   0  502536  28608  19116 S   0,0   0,1   0:00.71 xdg-de+
   2925 satrai    20   0  472644  43452  32804 S   0,0   0,1   0:00.57 update+
   2927 satrai    20   0  171060   6780   5996 S   0,0   0,0   0:00.04 gvfsd-+
   3043 satrai    20   0  876624  57980  42412 S   0,0   0,2   0:00.95 gnome-+
   3182 satrai    20   0 4238324 312292 157716 S   0,0   1,0   1:27.56 spyder3
   3202 satrai    20   0  546480  92716  36632 S   0,0   0,3   0:04.22 python+
   3208 satrai    20   0  512004  66868  34668 S   0,0   0,2   0:03.67 python+
   3246 uuidd     20   0   19232   1072    896 S   0,0   0,0   0:00.03 uuidd
   3250 satrai    20   0  977136 114884  28136 S   0,0   0,4   0:10.01 python+
   3358 satrai    20   0 1219996  87332  50928 S   0,0   0,3   0:34.97 nautil+
   4888 satrai    20   0  207028  27040  17836 S   0,0   0,1   0:00.05 eclipse
   4911 satrai    20   0  109,5g   1,6g 109640 S   0,0   5,3  14:07.40 java
   5181 satrai    20   0   86,5g  42708  36516 S   0,0   0,1   0:00.89 WebKit+
   5183 satrai    20   0  102,6g 133312 101628 S   0,0   0,4   0:04.66 WebKit+
  21065 root       0 -20       0      0      0 I   0,0   0,0   0:11.23 kworke+
  21778 root      20   0       0      0      0 I   0,0   0,0   0:00.93 kworke+
  22166 root      20   0       0      0      0 I   0,0   0,0   0:02.52 kworke+
  22198 root     -51   0       0      0      0 S   0,0   0,0   0:00.00 irq/15+
  22335 root       0 -20       0      0      0 I   0,0   0,0   0:12.57 kworke+
  23588 satrai    20   0  979860  57620  40856 S   0,0   0,2   0:25.89 gnome-+
  23678 satrai    20   0   20704   6756   3872 S   0,0   0,0   0:00.25 bash
  23692 satrai    20   0   19648   5508   3692 S   0,0   0,0   0:00.10 bash
  24022 satrai    20   0   19648   5556   3740 S   0,0   0,0   0:00.04 bash
  24032 satrai    20   0   19648   5564   3748 S   0,0   0,0   0:00.05 bash
  26371 satrai    20   0   19648   5488   3660 S   0,0   0,0   0:00.11 bash
  49027 root      20   0       0      0      0 I   0,0   0,0   0:00.69 kworke+
  51897 root       0 -20       0      0      0 I   0,0   0,0   0:04.52 kworke+
  52903 root      20   0       0      0      0 I   0,0   0,0   0:01.77 kworke+
  53251 root      20   0       0      0      0 I   0,0   0,0   0:00.64 kworke+
  53252 root      20   0       0      0      0 I   0,0   0,0   0:02.85 kworke+
  53382 root      20   0       0      0      0 I   0,0   0,0   0:00.63 kworke+
  55037 root      20   0       0      0      0 I   0,0   0,0   0:00.11 kworke+
  55245 satrai    20   0  102,4g 133140 100996 S   0,0   0,4   0:00.82 WebKit+
  55896 root      20   0       0      0      0 I   0,0   0,0   0:00.12 kworke+
  56456 root      20   0       0      0      0 I   0,0   0,0   0:00.02 kworke+
  56825 root      20   0       0      0      0 I   0,0   0,0   0:00.04 kworke+
  56962 root      20   0       0      0      0 I   0,0   0,0   0:00.13 kworke+
  57025 root      20   0       0      0      0 I   0,0   0,0   0:00.87 kworke+
  57026 root      20   0       0      0      0 I   0,0   0,0   0:00.67 kworke+
  59284 root      20   0       0      0      0 I   0,0   0,0   0:00.00 kworke+
  59870 root      20   0       0      0      0 I   0,0   0,0   0:00.10 kworke+
  59896 root      20   0       0      0      0 I   0,0   0,0   0:00.00 kworke+
  60005 root      20   0       0      0      0 I   0,0   0,0   0:00.00 kworke+
  60119 root      20   0       0      0      0 I   0,0   0,0   0:00.00 kworke+
  60192 root      20   0       0      0      0 I   0,0   0,0   0:00.00 kworke+
  60349 root      20   0       0      0      0 I   0,0   0,0   0:00.20 kworke+
  61110 root       0 -20       0      0      0 I   0,0   0,0   0:00.00 kworke+
  61132 satrai    20   0  102,4g 133132 101232 S   0,0   0,4   0:00.68 WebKit+
  62190 root      20   0       0      0      0 I   0,0   0,0   0:00.03 kworke+
  62247 root      20   0       0      0      0 I   0,0   0,0   0:00.00 kworke+
  62339 root      20   0       0      0      0 I   0,0   0,0   0:00.00 kworke+
  62341 root      20   0       0      0      0 I   0,0   0,0   0:00.00 kworke+
  62500 root      20   0   20568   4724   4020 S   0,0   0,0   0:00.00 sudo
  62501 root      20   0   51072  33096  11780 S   0,0   0,1   0:00.53 python3
  62505 root      20   0   18212   3600   3328 S   0,0   0,0   0:00.00 bash
  62511 root      20   0       0      0      0 I   0,0   0,0   0:00.01 kworke+
  62522 root      20   0 1230608   3184   2384 S   0,0   0,0   0:00.00 docker+
  62530 root      20   0 1304340   3124   2336 S   0,0   0,0   0:00.00 docker+
  62545 root      20   0 1230608   3400   2620 S   0,0   0,0   0:00.00 docker+
  62552 root      20   0 1230608   3396   2616 S   0,0   0,0   0:00.00 docker+
  62567 root      20   0 1230608   3152   2364 S   0,0   0,0   0:00.00 docker+
  62574 root      20   0 1230608   3068   2276 S   0,0   0,0   0:00.00 docker+
  62589 root      20   0 1230608   3352   2568 S   0,0   0,0   0:00.00 docker+
  62596 root      20   0 1230608   3172   2380 S   0,0   0,0   0:00.00 docker+
  62611 root      20   0 1230352   3156   2368 S   0,0   0,0   0:00.00 docker+
  62618 root      20   0 1156620   3396   2616 S   0,0   0,0   0:00.00 docker+
  62632 root      20   0 1156876   3152   2364 S   0,0   0,0   0:00.00 docker+
  62639 root      20   0 1083144   3160   2368 S   0,0   0,0   0:00.00 docker+
  62651 root      20   0 1230608   3232   2452 S   0,0   0,0   0:00.00 docker+
  62658 root      20   0 1230608   3172   2384 S   0,0   0,0   0:00.00 docker+
  62673 root      20   0 1230608   3124   2340 S   0,0   0,0   0:00.00 docker+
  62680 root      20   0 1230608   3172   2384 S   0,0   0,0   0:00.00 docker+
  62695 root      20   0 1230352   3172   2384 S   0,0   0,0   0:00.00 docker+
  62702 root      20   0 1156876   3164   2376 S   0,0   0,0   0:00.00 docker+
  62716 root      20   0 1230352   3176   2388 S   0,0   0,0   0:00.00 docker+
  62723 root      20   0 1230608   3152   2364 S   0,0   0,0   0:00.00 docker+
  62738 root      20   0  720500  10140   7736 S   0,0   0,0   0:00.03 contai+
  62808 root      20   0 1403332  24788  16924 S   0,0   0,1   0:00.02 docker
  62884 root      20   0    6056   3860   3372 S   0,0   0,0   0:00.03 bash
  62908 root      20   0 1230608   3080   2288 S   0,0   0,0   0:00.00 docker+
  62916 root      20   0 1156620   3144   2356 S   0,0   0,0   0:00.00 docker+
  62930 root      20   0  720500   8608   6532 S   0,0   0,0   0:00.03 contai+
  62949 root      20   0    4116   3296   2848 S   0,0   0,0   0:00.03 bash
  63026 root      20   0 1403332  24908  17180 S   0,0   0,1   0:00.02 docker
  63071 root      20   0    4116   3432   2896 S   0,0   0,0   0:00.02 bash
  63092 root      20   0 1230608   3336   2552 S   0,0   0,0   0:00.00 docker+
  63100 root      20   0 1230608   3064   2276 S   0,0   0,0   0:00.00 docker+
  63114 root      20   0  720500   9492   7224 S   0,0   0,0   0:00.04 contai+
  63138 root      20   0    4116   3320   2872 S   0,0   0,0   0:00.03 bash
  63215 root      20   0 1403076  24556  17060 S   0,0   0,1   0:00.03 docker
  63286 root      20   0    4116   3532   2992 S   0,0   0,0   0:00.03 bash
  63307 root      20   0 1304340   3404   2624 S   0,0   0,0   0:00.00 docker+
  63314 root      20   0 1156620   3356   2568 S   0,0   0,0   0:00.00 docker+
  63329 root      20   0 1230864   3336   2552 S   0,0   0,0   0:00.00 docker+
  63336 root      20   0 1156876   3372   2592 S   0,0   0,0   0:00.00 docker+
  63351 root      20   0  720500   9724   7284 S   0,0   0,0   0:00.03 contai+
  63372 root      20   0    4116   3384   2936 S   0,0   0,0   0:00.03 bash
  63406 root      20   0 1403588  24368  16160 S   0,0   0,1   0:00.02 docker
  63451 root      20   0    4116   3472   2936 S   0,0   0,0   0:00.03 bash
  63536 root      20   0 1230608   3072   2284 S   0,0   0,0   0:00.00 docker+
  63546 root      20   0 1156876   3160   2372 S   0,0   0,0   0:00.00 docker+
  63584 root      20   0  720756   9728   7480 S   0,0   0,0   0:00.03 contai+
  63610 root      20   0    4116   3376   2932 S   0,0   0,0   0:00.03 bash
  63630 root      20   0    2372    560    496 S   0,0   0,0   0:00.00 erl_ch+
  63683 root      20   0 1403076  24220  15860 S   0,0   0,1   0:00.02 docker
  63728 root      20   0    4116   3380   2848 S   0,0   0,0   0:00.03 bash
  63745 root      20   0   18212   3580   3308 S   0,0   0,0   0:00.00 bash
  63748 root      20   0   18316   3652   3344 S   0,0   0,0   0:00.00 bash
  63751 root      20   0   18212   3596   3300 S   0,0   0,0   0:00.00 bash
  63754 root      20   0   18212   3536   3264 S   0,0   0,0   0:00.00 bash
  63757 root      20   0   18212   3672   3396 S   0,0   0,0   0:00.00 bash
  63894 root      20   0    2948   2120   1608 S   0,0   0,0   0:00.06 contro+
  64009 root      20   0   12,3g 408504  29232 S   0,0   1,3   0:18.99 java
  64046 root      20   0    2484    512    444 S   0,0   0,0   0:00.00 sh
  64047 root      20   0    2236    496    432 S   0,0   0,0   0:00.03 memsup
  64048 root      20   0    2368    556    496 S   0,0   0,0   0:00.00 cpu_sup
  64051 root      20   0    4556   1072    896 S   0,0   0,0   0:00.00 erlang+
  64052 root      20   0    4556   1132    964 S   0,0   0,0   0:00.00 erlang+
  64053 root      20   0    4556   1136    964 S   0,0   0,0   0:00.00 erlang+
  64054 root      20   0    4556   1072    900 S   0,0   0,0   0:00.00 erlang+
  64055 root      20   0    4556   1132    964 S   0,0   0,0   0:00.00 erlang+
  64056 root      20   0    4556   1136    964 S   0,0   0,0   0:00.00 erlang+
  64057 root      20   0    4556   1136    964 S   0,0   0,0   0:00.00 erlang+
  64058 root      20   0    4556   1064    892 S   0,0   0,0   0:00.00 erlang+
  64167 root      20   0    3716    820    740 S   0,0   0,0   0:00.00 inet_g+
  64168 root      20   0    3932   1844   1704 S   0,0   0,0   0:00.00 inet_g+
  64169 root      20   0   20576   4804   4080 S   0,0   0,0   0:00.00 sudo
  64170 root      20   0 1477064  23616  15888 S   0,0   0,1   0:00.03 docker
  64219 root      20   0    4232   3452   2900 S   0,0   0,0   0:00.02 bash
  64272 root      20   0   20576   4764   4044 S   0,0   0,0   0:00.00 sudo
  64273 root      20   0 1403012  24312  16572 S   0,0   0,1   0:00.02 docker
  64320 root      20   0    4228   3504   2952 S   0,0   0,0   0:00.03 bash
  64329 root      20   0   10,8g  80240  27220 S   0,0   0,2   0:02.09 java
  64347 root      20   0   11,1g 117536  28440 S   0,0   0,4   0:04.99 java
  64408 root      20   0       0      0      0 I   0,0   0,0   0:00.01 kworke+
  64490 root      20   0       0      0      0 I   0,0   0,0   0:00.00 kworke+
  64514 satrai    20   0 3555356 346980 191140 S   0,0   1,1   0:11.28 firefox
  64584 satrai    20   0  208620  43892  36140 S   0,0   0,1   0:00.01 Socket+
  64604 satrai    20   0 2456092 118348  95388 S   0,0   0,4   0:00.38 Privil+
  64659 satrai    20   0 2451352 105008  84452 S   0,0   0,3   0:00.26 WebExt+
  64706 satrai    20   0  206552  39252  31644 S   0,0   0,1   0:00.02 Utilit+
  64722 satrai    20   0 2521200 169152  97528 S   0,0   0,5   0:02.58 Isolat+
  64801 satrai    20   0 2414776  76768  65780 S   0,0   0,2   0:00.10 Web Co+
  64846 satrai    20   0 2414776  76260  65288 S   0,0   0,2   0:00.10 Web Co+
  64850 satrai    20   0 2414776  76504  65532 S   0,0   0,2   0:00.09 Web Co+
  64969 root      20   0   25388   5572   1608 S   0,0   0,0   0:00.00 system+
  64972 satrai    20   0   20620   4080   3352 R   0,0   0,0   0:00.01 top
