top - 15:28:20 up  4:25,  1 user,  load average: 2,42, 2,75, 2,22
Tasks: 389 total,   1 running, 388 sleeping,   0 stopped,   0 zombie
%Cpu(s): 13,6 us,  0,8 sy,  0,0 ni, 85,6 id,  0,0 wa,  0,0 hi,  0,0 si,  0,0 st
MiB Mem :  31835,6 total,  20859,3 free,   4557,7 used,   6418,6 buff/cache
MiB Swap:   7628,0 total,   7628,0 free,      0,0 used.  26111,6 avail Mem 

    PID USER      PR  NI    VIRT    RES    SHR S  %CPU  %MEM     TIME+ COMMAND
  69311 root      20   0   11,8g 193256  28516 S 100,0   0,6   1:49.03 java
   1614 satrai    20   0  586196 100896  59880 S  12,5   0,3   9:10.72 Xorg
   1521 satrai     9 -11 3589068  21148  16336 S   6,2   0,1   7:07.61 pulsea+
   1745 satrai    20   0 4942640 293764 113080 S   6,2   0,9   7:55.63 gnome-+
   3358 satrai    20   0 1222276  89456  51436 S   6,2   0,3   0:41.57 nautil+
      1 root      20   0  169800  13124   8400 S   0,0   0,0   0:10.97 systemd
      2 root      20   0       0      0      0 S   0,0   0,0   0:00.01 kthrea+
      3 root       0 -20       0      0      0 I   0,0   0,0   0:00.00 rcu_gp
      4 root       0 -20       0      0      0 I   0,0   0,0   0:00.00 rcu_pa+
      5 root       0 -20       0      0      0 I   0,0   0,0   0:00.00 netns
      7 root       0 -20       0      0      0 I   0,0   0,0   0:00.00 kworke+
      9 root       0 -20       0      0      0 I   0,0   0,0   0:00.00 mm_per+
     10 root      20   0       0      0      0 S   0,0   0,0   0:00.00 rcu_ta+
     11 root      20   0       0      0      0 S   0,0   0,0   0:00.00 rcu_ta+
     12 root      20   0       0      0      0 S   0,0   0,0   0:01.57 ksofti+
     13 root      20   0       0      0      0 I   0,0   0,0   0:13.76 rcu_sc+
     14 root      rt   0       0      0      0 S   0,0   0,0   0:00.04 migrat+
     15 root     -51   0       0      0      0 S   0,0   0,0   0:00.00 idle_i+
     17 root      20   0       0      0      0 S   0,0   0,0   0:00.00 cpuhp/0
     18 root      20   0       0      0      0 S   0,0   0,0   0:00.00 cpuhp/1
     19 root     -51   0       0      0      0 S   0,0   0,0   0:00.00 idle_i+
     20 root      rt   0       0      0      0 S   0,0   0,0   0:00.15 migrat+
     21 root      20   0       0      0      0 S   0,0   0,0   0:00.31 ksofti+
     23 root       0 -20       0      0      0 I   0,0   0,0   0:00.00 kworke+
     24 root      20   0       0      0      0 S   0,0   0,0   0:00.00 cpuhp/2
     25 root     -51   0       0      0      0 S   0,0   0,0   0:00.00 idle_i+
     26 root      rt   0       0      0      0 S   0,0   0,0   0:00.16 migrat+
     27 root      20   0       0      0      0 S   0,0   0,0   0:00.19 ksofti+
     29 root       0 -20       0      0      0 I   0,0   0,0   0:00.00 kworke+
     30 root      20   0       0      0      0 S   0,0   0,0   0:00.00 cpuhp/3
     31 root     -51   0       0      0      0 S   0,0   0,0   0:00.00 idle_i+
     32 root      rt   0       0      0      0 S   0,0   0,0   0:00.16 migrat+
     33 root      20   0       0      0      0 S   0,0   0,0   0:00.18 ksofti+
     35 root       0 -20       0      0      0 I   0,0   0,0   0:00.00 kworke+
     36 root      20   0       0      0      0 S   0,0   0,0   0:00.00 cpuhp/4
     37 root     -51   0       0      0      0 S   0,0   0,0   0:00.00 idle_i+
     38 root      rt   0       0      0      0 S   0,0   0,0   0:00.16 migrat+
     39 root      20   0       0      0      0 S   0,0   0,0   0:00.17 ksofti+
     41 root       0 -20       0      0      0 I   0,0   0,0   0:00.00 kworke+
     42 root      20   0       0      0      0 S   0,0   0,0   0:00.00 cpuhp/5
     43 root     -51   0       0      0      0 S   0,0   0,0   0:00.00 idle_i+
     44 root      rt   0       0      0      0 S   0,0   0,0   0:00.16 migrat+
     45 root      20   0       0      0      0 S   0,0   0,0   0:00.16 ksofti+
     47 root       0 -20       0      0      0 I   0,0   0,0   0:00.00 kworke+
     48 root      20   0       0      0      0 S   0,0   0,0   0:00.00 cpuhp/6
     49 root     -51   0       0      0      0 S   0,0   0,0   0:00.00 idle_i+
     50 root      rt   0       0      0      0 S   0,0   0,0   0:00.16 migrat+
     51 root      20   0       0      0      0 S   0,0   0,0   0:01.04 ksofti+
     53 root       0 -20       0      0      0 I   0,0   0,0   0:00.00 kworke+
     54 root      20   0       0      0      0 S   0,0   0,0   0:00.00 cpuhp/7
     55 root     -51   0       0      0      0 S   0,0   0,0   0:00.00 idle_i+
     56 root      rt   0       0      0      0 S   0,0   0,0   0:00.16 migrat+
     57 root      20   0       0      0      0 S   0,0   0,0   0:00.83 ksofti+
     59 root       0 -20       0      0      0 I   0,0   0,0   0:00.00 kworke+
     60 root      20   0       0      0      0 S   0,0   0,0   0:00.00 kdevtm+
     61 root       0 -20       0      0      0 I   0,0   0,0   0:00.00 inet_f+
     62 root      20   0       0      0      0 S   0,0   0,0   0:00.00 kauditd
     63 root      20   0       0      0      0 S   0,0   0,0   0:00.02 khungt+
     64 root      20   0       0      0      0 S   0,0   0,0   0:00.00 oom_re+
     65 root       0 -20       0      0      0 I   0,0   0,0   0:00.00 writeb+
     66 root      20   0       0      0      0 S   0,0   0,0   0:00.43 kcompa+
     67 root      25   5       0      0      0 S   0,0   0,0   0:00.00 ksmd
     68 root      39  19       0      0      0 S   0,0   0,0   0:00.19 khugep+
    115 root       0 -20       0      0      0 I   0,0   0,0   0:00.00 kinteg+
    116 root       0 -20       0      0      0 I   0,0   0,0   0:00.00 kblockd
    117 root       0 -20       0      0      0 I   0,0   0,0   0:00.00 blkcg_+
    119 root       0 -20       0      0      0 I   0,0   0,0   0:00.00 tpm_de+
    120 root       0 -20       0      0      0 I   0,0   0,0   0:00.00 ata_sff
    122 root       0 -20       0      0      0 I   0,0   0,0   0:00.88 kworke+
    123 root       0 -20       0      0      0 I   0,0   0,0   0:00.00 md
    124 root       0 -20       0      0      0 I   0,0   0,0   0:00.00 edac-p+
    125 root       0 -20       0      0      0 I   0,0   0,0   0:00.00 devfre+
    126 root     -51   0       0      0      0 S   0,0   0,0   0:00.00 watchd+
    128 root       0 -20       0      0      0 I   0,0   0,0   0:00.59 kworke+
    131 root      20   0       0      0      0 S   0,0   0,0   0:00.00 kswapd0
    132 root      20   0       0      0      0 S   0,0   0,0   0:00.00 ecrypt+
    134 root       0 -20       0      0      0 I   0,0   0,0   0:00.00 kthrot+
    135 root     -51   0       0      0      0 S   0,0   0,0   0:00.00 irq/12+
    136 root     -51   0       0      0      0 S   0,0   0,0   0:00.00 irq/12+
    141 root       0 -20       0      0      0 I   0,0   0,0   0:00.00 acpi_t+
    144 root       0 -20       0      0      0 I   0,0   0,0   0:00.00 vfio-i+
    146 root       0 -20       0      0      0 I   0,0   0,0   0:00.74 kworke+
    147 root       0 -20       0      0      0 I   0,0   0,0   0:00.77 kworke+
    148 root       0 -20       0      0      0 I   0,0   0,0   0:00.00 mld
    149 root       0 -20       0      0      0 I   0,0   0,0   0:00.00 ipv6_a+
    158 root       0 -20       0      0      0 I   0,0   0,0   0:00.00 kstrp
    161 root       0 -20       0      0      0 I   0,0   0,0   0:00.00 zswap-+
    169 root       0 -20       0      0      0 I   0,0   0,0   0:00.00 charge+
    192 root       0 -20       0      0      0 I   0,0   0,0   0:00.80 kworke+
    228 root       0 -20       0      0      0 I   0,0   0,0   0:00.00 nvme-wq
    229 root       0 -20       0      0      0 I   0,0   0,0   0:00.74 kworke+
    230 root       0 -20       0      0      0 I   0,0   0,0   0:00.00 nvme-r+
    231 root       0 -20       0      0      0 I   0,0   0,0   0:00.00 nvme-d+
    232 root       0 -20       0      0      0 I   0,0   0,0   0:00.59 kworke+
    235 root     -51   0       0      0      0 S   0,0   0,0   0:00.00 irq/39+
    238 root     -51   0       0      0      0 S   0,0   0,0   0:35.17 irq/15+
    239 root       0 -20       0      0      0 I   0,0   0,0   0:00.61 kworke+
    271 root      20   0       0      0      0 S   0,0   0,0   0:00.62 jbd2/n+
    272 root       0 -20       0      0      0 I   0,0   0,0   0:00.00 ext4-r+
    312 root      19  -1  109020  62448  60856 S   0,0   0,2   0:02.26 system+
    337 root      20   0   25388   8016   4068 S   0,0   0,0   0:04.54 system+
    345 root       0 -20       0      0      0 I   0,0   0,0   0:00.00 ipmi-m+
    415 root       0 -20       0      0      0 I   0,0   0,0   0:00.00 cfg802+
    418 root     -51   0       0      0      0 S   0,0   0,0   0:01.90 irq/15+
    420 root     -51   0       0      0      0 S   0,0   0,0   0:00.05 irq/15+
    421 root     -51   0       0      0      0 S   0,0   0,0   0:00.04 irq/16+
    422 root     -51   0       0      0      0 S   0,0   0,0   0:00.07 irq/16+
    423 root     -51   0       0      0      0 S   0,0   0,0   0:00.03 irq/16+
    424 root     -51   0       0      0      0 S   0,0   0,0   0:00.07 irq/16+
    426 root     -51   0       0      0      0 S   0,0   0,0   0:00.04 irq/16+
    427 root     -51   0       0      0      0 S   0,0   0,0   0:00.04 irq/16+
    428 root     -51   0       0      0      0 S   0,0   0,0   0:00.04 irq/16+
    429 root     -51   0       0      0      0 S   0,0   0,0   0:00.00 irq/16+
    444 root       0 -20       0      0      0 I   0,0   0,0   0:00.00 cryptd
    471 root     -51   0       0      0      0 S   0,0   0,0   0:00.00 card0-+
    472 root     -51   0       0      0      0 S   0,0   0,0   0:00.00 card0-+
    473 root     -51   0       0      0      0 S   0,0   0,0   0:00.00 card0-+
    474 root     -51   0       0      0      0 S   0,0   0,0   0:00.00 card0-+
    671 root      20   0       0      0      0 S   0,0   0,0   0:00.31 jbd2/n+
    672 root       0 -20       0      0      0 I   0,0   0,0   0:00.00 ext4-r+
    704 systemd+  20   0   24816  13608   9380 S   0,0   0,0   0:01.56 system+
    706 systemd+  20   0   90912   5888   5100 S   0,0   0,0   0:00.12 system+
    735 root       0 -20       0      0      0 I   0,0   0,0   0:00.00 USBC00+
    739 root      10 -10    9908   5096   3980 S   0,0   0,0   0:01.85 ovsdb-+
    765 root      20   0  246904   7660   6752 S   0,0   0,0   0:00.46 accoun+
    766 root      20   0    2548    776    708 S   0,0   0,0   0:02.39 acpid
    768 avahi     20   0    8824   4000   3488 S   0,0   0,0   0:01.22 avahi-+
    770 root      20   0    8368   5028   4620 S   0,0   0,0   0:00.01 blueto+
    773 root      20   0   18056   2940   2672 S   0,0   0,0   0:00.02 cron
    775 root      20   0   37204   9112   7360 S   0,0   0,0   0:00.00 cupsd
    776 message+  20   0    9952   6524   3904 S   0,0   0,0   0:24.97 dbus-d+
    777 root      20   0  419268  20924  16852 S   0,0   0,1   0:07.33 Networ+
    783 root      20   0  231824   6520   5532 S   0,0   0,0   0:03.62 iio-se+
    784 root      20   0   81936   3656   3328 S   0,0   0,0   0:00.92 irqbal+
    787 root      20   0   48316  20712  11968 S   0,0   0,1   0:00.09 networ+
    790 root      20   0  249812  12960   7256 S   0,0   0,0   0:02.19 polkitd
    792 syslog    20   0  224352   5232   3672 S   0,0   0,0   0:00.72 rsyslo+
    797 root      20   0 1614540  44188  19932 S   0,0   0,1   0:08.26 snapd
    800 root      20   0  244344   6356   5696 S   0,0   0,0   0:00.02 switch+
    803 root      20   0   17464   8296   7172 S   0,0   0,0   0:18.27 system+
    804 root      20   0  282552  11068  10056 S   0,0   0,0   0:49.78 therma+
    806 root      20   0  393568  12840  10472 S   0,0   0,0   0:00.77 udisksd
    807 root      20   0   14208   9740   8660 S   0,0   0,0   0:01.00 wpa_su+
    819 avahi     20   0    8348    324      0 S   0,0   0,0   0:00.00 avahi-+
    855 root      20   0  176484  12792  11124 S   0,0   0,0   0:00.65 cups-b+
    867 root      20   0  315224  11872   9968 S   0,0   0,0   0:00.30 ModemM+
    870 root      20   0  247132   7464   6724 S   0,0   0,0   0:02.35 boltd
    976 root      10 -10  678268  90304  11640 S   0,0   0,3   0:18.23 ovs-vs+
    993 root      20   0 1800616  47624  31844 S   0,0   0,1   0:42.72 contai+
   1003 root      20   0   12188   6908   6068 S   0,0   0,0   0:00.00 sshd
   1008 root      20   0  248248   8796   7596 S   0,0   0,0   0:00.03 gdm3
   1017 root      20   0  126812  23428  15224 S   0,0   0,1   0:00.04 unatte+
   1047 root      20   0  261120  10052   8424 S   0,0   0,0   0:01.22 upowerd
   1074 rtkit     21   1  152936   3056   2816 S   0,0   0,0   0:00.26 rtkit-+
   1190 root       0 -20       0      0      0 I   0,0   0,0   0:00.00 USBC00+
   1458 colord    20   0  254920  14972   9704 S   0,0   0,0   0:00.14 colord
   1504 root      20   0  323288   9960   8200 S   0,0   0,0   0:00.04 gdm-se+
   1515 satrai    20   0   20084  10832   8196 S   0,0   0,0   0:07.03 systemd
   1516 satrai    20   0  170016   3708      4 S   0,0   0,0   0:00.00 (sd-pa+
   1523 satrai    39  19  520160  24884  16696 S   0,0   0,1   0:00.18 tracke+
   1527 satrai    20   0    8596   5784   3912 S   0,0   0,0   0:01.82 dbus-d+
   1531 satrai    20   0  248824   7752   6800 S   0,0   0,0   0:00.13 gnome-+
   1547 satrai    20   0  248460   7896   6864 S   0,0   0,0   0:00.08 gvfsd
   1552 satrai    20   0  378348   5668   5152 S   0,0   0,0   0:00.00 gvfsd-+
   1557 satrai    20   0  322684   9616   7832 S   0,0   0,0   0:12.65 gvfs-u+
   1565 satrai    20   0  246748   6504   5776 S   0,0   0,0   0:00.03 gvfs-g+
   1570 satrai    20   0  325360   9040   8020 S   0,0   0,0   0:00.45 gvfs-a+
   1578 satrai    20   0  244512   5960   5428 S   0,0   0,0   0:00.02 gvfs-g+
   1582 satrai    20   0  561916  34592  28408 S   0,0   0,1   0:00.64 goa-da+
   1583 root      10 -10       0      0      0 S   0,0   0,0   0:00.00 krfcom+
   1590 satrai    20   0  323392   8800   7764 S   0,0   0,0   0:00.10 goa-id+
   1596 satrai    20   0  244340   5756   5132 S   0,0   0,0   0:00.02 gvfs-m+
   1612 satrai    20   0  172652   6672   6040 S   0,0   0,0   0:00.01 gdm-x-+
   1624 satrai    20   0  196852  13864  12380 S   0,0   0,0   0:00.01 gnome-+
   1693 satrai    20   0    6044    452      0 S   0,0   0,0   0:00.04 ssh-ag+
   1711 satrai    20   0  305560   6656   6072 S   0,0   0,0   0:00.00 at-spi+
   1716 satrai    20   0    7388   4328   3868 S   0,0   0,0   0:00.79 dbus-d+
   1724 satrai    20   0   98696   4196   3776 S   0,0   0,0   0:00.00 gnome-+
   1731 satrai    20   0  419096  15604  13012 S   0,0   0,0   0:00.18 gnome-+
   1771 satrai    20   0  397284  13120   6864 S   0,0   0,0   0:55.45 ibus-d+
   1775 satrai    20   0  171340   7088   6452 S   0,0   0,0   0:00.00 ibus-m+
   1776 satrai    20   0  284392  31836  18220 S   0,0   0,1   0:09.19 ibus-e+
   1780 satrai    20   0  206604  28328  18440 S   0,0   0,1   0:00.38 ibus-x+
   1783 satrai    20   0  245140   7204   6556 S   0,0   0,0   0:00.07 ibus-p+
   1793 satrai    20   0  162840   7836   7052 S   0,0   0,0   0:02.61 at-spi+
   1797 satrai    20   0  244232   4604   4172 S   0,0   0,0   0:00.00 xdg-pe+
   1799 satrai    20   0  581332  20392  17432 S   0,0   0,1   0:00.06 gnome-+
   1810 satrai    20   0 1078824  25908  22056 S   0,0   0,1   0:00.07 evolut+
   1817 satrai    20   0 1388004  31084  26796 S   0,0   0,1   0:00.74 evolut+
   1823 satrai    20   0 2938920  26672  21664 S   0,0   0,1   0:00.05 gjs
   1842 satrai    20   0  156364   5716   4956 S   0,0   0,0   0:00.10 dconf-+
   1848 satrai    20   0  763880  30376  26488 S   0,0   0,1   0:00.71 evolut+
   1850 satrai    20   0  318296   6768   6156 S   0,0   0,0   0:00.02 gsd-a1+
   1851 satrai    20   0  523536  30856  20444 S   0,0   0,1   0:00.45 gsd-co+
   1852 satrai    20   0  382248  16300  14352 S   0,0   0,1   0:00.03 gsd-da+
   1853 satrai    20   0  320492   7636   6760 S   0,0   0,0   0:03.35 gsd-ho+
   1857 satrai    20   0  354580  28864  18868 S   0,0   0,1   0:00.43 gsd-ke+
   1859 satrai    20   0  696944  33776  21000 S   0,0   0,1   0:03.30 gsd-me+
   1862 satrai    20   0  695564  31968  21084 S   0,0   0,1   0:08.08 gsd-po+
   1865 satrai    20   0  256852  11340   9924 S   0,0   0,0   0:00.02 gsd-pr+
   1866 satrai    20   0  465736   6060   5444 S   0,0   0,0   0:00.57 gsd-rf+
   1867 satrai    20   0  318004   5936   5320 S   0,0   0,0   0:00.02 gsd-sc+
   1868 satrai    20   0  473544  10868   9116 S   0,0   0,0   0:02.71 gsd-sh+
   1870 satrai    20   0  397532   8348   7508 S   0,0   0,0   0:00.02 gsd-sm+
   1874 satrai    20   0  327984   9008   8000 S   0,0   0,0   0:00.02 gsd-so+
   1877 satrai    20   0  467328   7360   6588 S   0,0   0,0   0:00.02 gsd-us+
   1880 satrai    20   0  354116  28144  17992 S   0,0   0,1   0:00.43 gsd-wa+
   1881 satrai    20   0  322724   7928   7032 S   0,0   0,0   0:00.03 gsd-ww+
   1885 satrai    20   0  355352  29928  19324 S   0,0   0,1   0:00.56 gsd-xs+
   1895 satrai    20   0  322728   8400   7052 S   0,0   0,0   0:00.94 gvfsd-+
   1917 satrai    20   0  728484  59868  43708 S   0,0   0,2   0:00.46 evolut+
   1921 satrai    20   0  231804   5636   4604 S   0,0   0,0   0:00.03 gsd-di+
   1948 satrai    20   0  350820  15272  13388 S   0,0   0,0   0:00.01 gsd-pr+
   1988 satrai    20   0  171460   7272   6492 S   0,0   0,0   0:13.41 ibus-e+
   2069 root      20   0 5794396 139640  65704 S   0,0   0,4   1:48.03 dockerd
   2072 whoopsie  20   0  400596  15764  13772 S   0,0   0,0   0:00.89 whoops+
   2078 kernoops  20   0   11264    444      0 S   0,0   0,0   0:00.32 kernel+
   2084 kernoops  20   0   11264    440      0 S   0,0   0,0   0:00.32 kernel+
   2165 root      20   0    2496    576    512 S   0,0   0,0   0:00.03 bpfilt+
   2441 satrai    20   0  609600   8984   7696 S   0,0   0,0   0:00.05 gvfsd-+
   2453 satrai    20   0  323752   8368   7404 S   0,0   0,0   0:00.05 gvfsd-+
   2589 satrai    20   0  618820  10828   9552 S   0,0   0,0   0:01.03 xdg-de+
   2593 satrai    20   0  613760   6544   5876 S   0,0   0,0   0:00.09 xdg-do+
   2603 satrai    20   0  502536  28608  19116 S   0,0   0,1   0:00.77 xdg-de+
   2925 satrai    20   0  472644  43452  32804 S   0,0   0,1   0:00.59 update+
   2927 satrai    20   0  171060   6788   5996 S   0,0   0,0   0:00.05 gvfsd-+
   3043 satrai    20   0  876624  57980  42412 S   0,0   0,2   0:01.10 gnome-+
   3182 satrai    20   0 4238324 312292 157716 S   0,0   1,0   1:28.59 spyder3
   3202 satrai    20   0  546480  92716  36632 S   0,0   0,3   0:04.39 python+
   3208 satrai    20   0  512004  66868  34668 S   0,0   0,2   0:03.84 python+
   3246 uuidd     20   0   19232   1072    896 S   0,0   0,0   0:00.03 uuidd
   3250 satrai    20   0  977136 114884  28136 S   0,0   0,4   0:10.06 python+
   4888 satrai    20   0  207028  27040  17836 S   0,0   0,1   0:00.05 eclipse
   4911 satrai    20   0  109,5g   1,7g 109768 S   0,0   5,3  14:41.05 java
   5181 satrai    20   0   86,5g  42708  36516 S   0,0   0,1   0:01.03 WebKit+
   5183 satrai    20   0  102,6g 133312 101628 S   0,0   0,4   0:04.94 WebKit+
  21065 root       0 -20       0      0      0 I   0,0   0,0   0:11.23 kworke+
  21778 root      20   0       0      0      0 I   0,0   0,0   0:00.98 kworke+
  22166 root      20   0       0      0      0 I   0,0   0,0   0:02.87 kworke+
  22198 root     -51   0       0      0      0 S   0,0   0,0   0:00.00 irq/15+
  22335 root       0 -20       0      0      0 I   0,0   0,0   0:14.11 kworke+
  23588 satrai    20   0  980956  59016  40936 S   0,0   0,2   0:35.03 gnome-+
  23678 satrai    20   0   20704   6756   3872 S   0,0   0,0   0:00.33 bash
  23692 satrai    20   0   19648   5508   3692 S   0,0   0,0   0:00.11 bash
  24022 satrai    20   0   19648   5556   3740 S   0,0   0,0   0:00.04 bash
  24032 satrai    20   0   19648   5564   3748 S   0,0   0,0   0:00.06 bash
  26371 satrai    20   0   19648   5492   3660 S   0,0   0,0   0:00.12 bash
  49027 root      20   0       0      0      0 I   0,0   0,0   0:00.77 kworke+
  51897 root       0 -20       0      0      0 I   0,0   0,0   0:06.03 kworke+
  52903 root      20   0       0      0      0 I   0,0   0,0   0:02.31 kworke+
  53251 root      20   0       0      0      0 I   0,0   0,0   0:00.72 kworke+
  53252 root      20   0       0      0      0 I   0,0   0,0   0:03.00 kworke+
  53382 root      20   0       0      0      0 I   0,0   0,0   0:00.82 kworke+
  55037 root      20   0       0      0      0 I   0,0   0,0   0:00.20 kworke+
  55245 satrai    20   0  102,4g 133140 100996 S   0,0   0,4   0:01.12 WebKit+
  57025 root      20   0       0      0      0 I   0,0   0,0   0:00.87 kworke+
  59896 root      20   0       0      0      0 I   0,0   0,0   0:00.00 kworke+
  60119 root      20   0       0      0      0 I   0,0   0,0   0:00.00 kworke+
  61132 satrai    20   0  102,4g 133024 101232 S   0,0   0,4   0:00.98 WebKit+
  62190 root      20   0       0      0      0 I   0,0   0,0   0:00.08 kworke+
  62339 root      20   0       0      0      0 I   0,0   0,0   0:00.02 kworke+
  64408 root      20   0       0      0      0 I   0,0   0,0   0:00.05 kworke+
  64491 root      20   0       0      0      0 I   0,0   0,0   0:00.97 kworke+
  64514 satrai    20   0 3527384 353348 191784 S   0,0   1,1   0:17.71 firefox
  64584 satrai    20   0  208604  43972  36216 S   0,0   0,1   0:00.01 Socket+
  64604 satrai    20   0 2455108 118744  94532 S   0,0   0,4   0:00.50 Privil+
  64659 satrai    20   0 2451336 104436  84964 S   0,0   0,3   0:00.35 WebExt+
  64706 satrai    20   0  212068  41988  34220 S   0,0   0,1   0:00.03 Utilit+
  64716 satrai    20   0 2573496 167176 106956 S   0,0   0,5   0:05.63 Isolat+
  64846 satrai    20   0 2416044  76512  65288 S   0,0   0,2   0:00.12 Web Co+
  64850 satrai    20   0 2416044  76776  65532 S   0,0   0,2   0:00.12 Web Co+
  65045 satrai    20   0  360064   5612   4980 S   0,0   0,0   0:00.06 sd_dum+
  65048 satrai    20   0  360096   5468   4848 S   0,0   0,0   0:00.06 sd_gen+
  65051 satrai    20   0  459000   8232   6676 S   0,0   0,0   0:00.06 sd_esp+
  65057 satrai    20   0  168368   2224   1956 S   0,0   0,0   0:00.00 speech+
  65061 satrai    20   0 2416044  77080  65860 S   0,0   0,2   0:00.10 Web Co+
  65419 root      20   0       0      0      0 I   0,0   0,0   0:00.07 kworke+
  65420 root      20   0       0      0      0 I   0,0   0,0   0:00.00 kworke+
  65755 root      20   0       0      0      0 I   0,0   0,0   0:00.32 kworke+
  65870 root      20   0       0      0      0 I   0,0   0,0   0:00.00 kworke+
  66035 root       0 -20       0      0      0 I   0,0   0,0   0:00.00 kworke+
  66494 root      20   0       0      0      0 I   0,0   0,0   0:00.38 kworke+
  66495 root      20   0       0      0      0 I   0,0   0,0   0:00.05 kworke+
  66614 root      20   0       0      0      0 I   0,0   0,0   0:00.03 kworke+
  66712 root      20   0       0      0      0 I   0,0   0,0   0:00.24 kworke+
  66824 root      20   0       0      0      0 I   0,0   0,0   0:00.01 kworke+
  66829 root      20   0       0      0      0 I   0,0   0,0   0:00.03 kworke+
  67451 root      20   0       0      0      0 I   0,0   0,0   0:00.00 kworke+
  67452 root      20   0       0      0      0 I   0,0   0,0   0:00.00 kworke+
  67453 root      20   0       0      0      0 I   0,0   0,0   0:00.00 kworke+
  67454 root      20   0       0      0      0 I   0,0   0,0   0:00.00 kworke+
  67455 root      20   0       0      0      0 I   0,0   0,0   0:00.00 kworke+
  67456 root      20   0       0      0      0 I   0,0   0,0   0:00.00 kworke+
  67457 root      20   0       0      0      0 I   0,0   0,0   0:00.00 kworke+
  67458 root      20   0       0      0      0 I   0,0   0,0   0:00.00 kworke+
  67459 root      20   0       0      0      0 I   0,0   0,0   0:00.00 kworke+
  67460 root      20   0       0      0      0 I   0,0   0,0   0:00.00 kworke+
  67461 root      20   0       0      0      0 I   0,0   0,0   0:00.00 kworke+
  67462 root      20   0       0      0      0 I   0,0   0,0   0:00.04 kworke+
  67463 root      20   0       0      0      0 I   0,0   0,0   0:00.00 kworke+
  67520 root      20   0       0      0      0 I   0,0   0,0   0:00.02 kworke+
  67521 root      20   0       0      0      0 I   0,0   0,0   0:00.00 kworke+
  67582 root      20   0       0      0      0 I   0,0   0,0   0:00.02 kworke+
  67584 satrai    20   0  211792  40616  32888 S   0,0   0,1   0:00.07 RDD Pr+
  67649 root      20   0       0      0      0 I   0,0   0,0   0:00.00 kworke+
  67724 root      20   0       0      0      0 I   0,0   0,0   0:00.00 kworke+
  67735 root      20   0   20568   4652   3948 S   0,0   0,0   0:00.00 sudo
  67736 root      20   0   51076  32972  11648 S   0,0   0,1   0:00.51 python3
  67740 root      20   0   18212   3620   3348 S   0,0   0,0   0:00.00 bash
  67756 root      20   0 1230608   3384   2600 S   0,0   0,0   0:00.00 docker+
  67763 root      20   0 1230608   3152   2364 S   0,0   0,0   0:00.00 docker+
  67778 root      20   0 1156876   3348   2564 S   0,0   0,0   0:00.00 docker+
  67785 root      20   0 1156876   3388   2608 S   0,0   0,0   0:00.00 docker+
  67798 root      20   0 1156876   3144   2356 S   0,0   0,0   0:00.00 docker+
  67805 root      20   0 1156876   3188   2404 S   0,0   0,0   0:00.00 docker+
  67818 root      20   0 1230608   3204   2416 S   0,0   0,0   0:00.00 docker+
  67825 root      20   0 1156876   3176   2384 S   0,0   0,0   0:00.00 docker+
  67839 root      20   0 1156876   3164   2380 S   0,0   0,0   0:00.00 docker+
  67846 root      20   0 1156876   3224   2444 S   0,0   0,0   0:00.00 docker+
  67859 root      20   0 1230608   3124   2340 S   0,0   0,0   0:00.00 docker+
  67866 root      20   0 1083144   3172   2384 S   0,0   0,0   0:00.00 docker+
  67879 root      20   0 1230608   3088   2292 S   0,0   0,0   0:00.00 docker+
  67886 root      20   0 1230608   3064   2276 S   0,0   0,0   0:00.00 docker+
  67901 root      20   0 1230608   3064   2280 S   0,0   0,0   0:00.00 docker+
  67908 root      20   0 1230608   3220   2428 S   0,0   0,0   0:00.00 docker+
  67923 root      20   0 1083144   3164   2380 S   0,0   0,0   0:00.00 docker+
  67929 root      20   0 1156876   3156   2368 S   0,0   0,0   0:00.00 docker+
  67942 root      20   0 1230608   3144   2356 S   0,0   0,0   0:00.00 docker+
  67950 root      20   0 1230608   3148   2360 S   0,0   0,0   0:00.00 docker+
  67964 root      20   0  720756   9916   7608 S   0,0   0,0   0:00.02 contai+
  67987 root      20   0 3641576 243188  91232 S   0,0   0,7   0:11.75 beam.s+
  68031 root      20   0 1403012  24372  16636 S   0,0   0,1   0:00.02 docker
  68109 root      20   0    6056   3816   3328 S   0,0   0,0   0:00.03 bash
  68134 root      20   0 1156876   3136   2332 S   0,0   0,0   0:00.00 docker+
  68141 root      20   0 1083144   3176   2384 S   0,0   0,0   0:00.00 docker+
  68154 root      20   0  720756   9600   7284 S   0,0   0,0   0:00.04 contai+
  68175 root      20   0    4116   3356   2904 S   0,0   0,0   0:00.03 bash
  68250 root      20   0 1329280  24492  16460 S   0,0   0,1   0:00.01 docker
  68295 root      20   0    4116   3508   2968 S   0,0   0,0   0:00.03 bash
  68318 root      20   0 1230608   3152   2364 S   0,0   0,0   0:00.00 docker+
  68326 root      20   0 1156620   3292   2496 S   0,0   0,0   0:00.00 docker+
  68340 root      20   0  720500   9632   7164 S   0,0   0,0   0:00.04 contai+
  68361 root      20   0    4116   3264   2816 S   0,0   0,0   0:00.03 bash
  68395 root      20   0 1329280  23704  15980 S   0,0   0,1   0:00.02 docker
  68455 root      20   0    4116   3504   2972 S   0,0   0,0   0:00.03 bash
  68530 root      20   0 1156876   3128   2344 S   0,0   0,0   0:00.00 docker+
  68537 root      20   0 1230608   3156   2364 S   0,0   0,0   0:00.00 docker+
  68551 root      20   0 1156876   3236   2452 S   0,0   0,0   0:00.00 docker+
  68558 root      20   0 1230608   3164   2376 S   0,0   0,0   0:00.00 docker+
  68573 root      20   0  720756   9752   7544 S   0,0   0,0   0:00.03 contai+
  68596 root      20   0    4116   3432   2988 S   0,0   0,0   0:00.03 bash
  68633 root      20   0 1402756  23632  15972 S   0,0   0,1   0:00.02 docker
  68681 root      20   0    4116   3552   3012 S   0,0   0,0   0:00.03 bash
  68702 root      20   0 1083144   3160   2368 S   0,0   0,0   0:00.00 docker+
  68708 root      20   0 1230608   3296   2512 S   0,0   0,0   0:00.00 docker+
  68723 root      20   0  720756  10136   7936 S   0,0   0,0   0:00.05 contai+
  68744 root      20   0    4116   3296   2848 S   0,0   0,0   0:00.03 bash
  68879 root      20   0    2372    496    436 S   0,0   0,0   0:00.00 erl_ch+
  68882 root      20   0 1403012  23244  15780 S   0,0   0,1   0:00.03 docker
  68955 root      20   0    4116   3440   2904 S   0,0   0,0   0:00.04 bash
  68971 root      20   0   18212   3548   3276 S   0,0   0,0   0:00.00 bash
  68974 root      20   0   18316   3592   3280 S   0,0   0,0   0:00.01 bash
  68977 root      20   0   18212   3576   3280 S   0,0   0,0   0:00.01 bash
  68980 root      20   0   18212   3620   3348 S   0,0   0,0   0:00.00 bash
  68983 root      20   0   18212   3568   3296 S   0,0   0,0   0:00.00 bash
  69121 root      20   0    2948   2220   1716 S   0,0   0,0   0:00.05 contro+
  69236 root      20   0   12,3g 406676  29288 S   0,0   1,2   0:18.73 java
  69273 root      20   0    2484    576    508 S   0,0   0,0   0:00.00 sh
  69274 root      20   0    2236    560    496 S   0,0   0,0   0:00.01 memsup
  69275 root      20   0    2368    556    496 S   0,0   0,0   0:00.00 cpu_sup
  69285 root      20   0    4556   1132    960 S   0,0   0,0   0:00.00 erlang+
  69286 root      20   0    4556   1124    956 S   0,0   0,0   0:00.00 erlang+
  69287 root      20   0    4556   1136    964 S   0,0   0,0   0:00.00 erlang+
  69288 root      20   0    4556   1140    964 S   0,0   0,0   0:00.00 erlang+
  69289 root      20   0    4556   1072    900 S   0,0   0,0   0:00.00 erlang+
  69290 root      20   0    4556   1076    900 S   0,0   0,0   0:00.00 erlang+
  69291 root      20   0    4556   1140    964 S   0,0   0,0   0:00.00 erlang+
  69292 root      20   0    4556   1132    964 S   0,0   0,0   0:00.00 erlang+
  69398 root      20   0    3716    760    680 S   0,0   0,0   0:00.00 inet_g+
  69399 root      20   0    3932   1788   1648 S   0,0   0,0   0:00.00 inet_g+
  69400 root      20   0   20576   4736   4020 S   0,0   0,0   0:00.00 sudo
  69401 root      20   0 1403012  23596  15808 S   0,0   0,1   0:00.02 docker
  69447 root      20   0    4232   3472   2924 S   0,0   0,0   0:00.03 bash
  69466 root      20   0   20572   4628   3908 S   0,0   0,0   0:00.00 sudo
  69467 root      20   0 1402756  23520  15724 S   0,0   0,1   0:00.03 docker
  69514 root      20   0    4228   3504   2956 S   0,0   0,0   0:00.03 bash
  69522 root      20   0   11,2g 101364  27692 S   0,0   0,3   0:03.09 java
  69578 root      20   0   11,3g  93952  27664 S   0,0   0,3   0:02.36 java
  69717 satrai    20   0   20760   4036   3312 R   0,0   0,0   0:00.00 top
